DROP TABLE PASSENGER_T CASCADE CONSTRAINTS;
DROP TABLE AIRCRAFTMODEL_T CASCADE CONSTRAINTS;
DROP TABLE AIRCRAFTTYPEDEFINITION_T CASCADE CONSTRAINTS;
DROP TABLE AIRCRAFT_T CASCADE CONSTRAINTS;
DROP TABLE AIRLINE_T CASCADE CONSTRAINTS;
DROP TABLE PASSENGERPLANE_T CASCADE CONSTRAINTS;
DROP TABLE PRIVATEPLANE_T CASCADE CONSTRAINTS;
DROP TABLE FLIGHTTYPEDESCRIPTION_T CASCADE CONSTRAINTS;
DROP TABLE AIRCRAFTFLIGHTNO_T CASCADE CONSTRAINTS;
DROP TABLE AIRPORT_T CASCADE CONSTRAINTS;
DROP TABLE PASSENGERBOOKINGSEATING_T CASCADE CONSTRAINTS;
DROP TABLE PASSENGER_ITINARARY_T CASCADE CONSTRAINTS;
DROP TABLE PILOT_T CASCADE CONSTRAINTS;
DROP TABLE SCHEDULED_FLIGHT_T CASCADE CONSTRAINTS;
DROP TABLE LUGGAGE_T CASCADE CONSTRAINTS; 
DROP TABLE PARKINGTICKET_T CASCADE CONSTRAINTS;
DROP TABLE EMPLOYEE_T CASCADE CONSTRAINTS; 
DROP TABLE SHUTTLEBUS_T CASCADE CONSTRAINTS;
DROP TABLE TERMINALTRANSFER_T CASCADE CONSTRAINTS;
DROP TABLE TRIPADDON_T CASCADE CONSTRAINTS;
DROP TABLE LUGGAGEWITHFEE_T CASCADE CONSTRAINTS;
DROP TABLE LUGGAGE_HANDLER_T CASCADE CONSTRAINTS;
DROP TABLE PASSENGERCHECKIN_T CASCADE CONSTRAINTS;
DROP TABLE FLIGHTPATH_T CASCADE CONSTRAINTS;
DROP TABLE BUS_DRIVER_T CASCADE CONSTRAINTS;
DROP TABLE CARPARK_T CASCADE CONSTRAINTS;
DROP TABLE AIRSIDE_TRANSFER_T CASCADE CONSTRAINTS;
DROP TABLE SERVICESADDED_T CASCADE CONSTRAINTS;
 
CREATE TABLE PASSENGER_T(
    PASSENGERID INTEGER NOT NULL,
    FIRSTNAME VARCHAR(25),
    LASTNAME VARCHAR(25),
    P_STREET_BILL varchar(30),
    P_CITY_BILL varchar(30),
    P_STATE_BILL varchar(30),
    P_POSTAL_BILL varchar(5),
    C_PHONENUMBER VARCHAR (16),
    CONSTRAINT PASSENGER_T PRIMARY KEY(PASSENGERID)
);
 
INSERT INTO PASSENGER_T (PASSENGERID,FIRSTNAME,LASTNAME,P_STREET_BILL,P_CITY_BILL,
P_STATE_BILL,P_POSTAL_BILL,C_PHONENUMBER) VALUES (1,'Grayson','McFarland','8610 Apsen Road', 
'Flemington','NJ','08822','1-908-483-2472');
INSERT INTO PASSENGER_T (PASSENGERID,FIRSTNAME,LASTNAME,P_STREET_BILL,P_CITY_BILL,
P_STATE_BILL,P_POSTAL_BILL,C_PHONENUMBER) VALUES (2,'Marquise', 'Peterson','9521 San Pablo Lane',
'Lockport', 'NY', '14904', '1-716-201-5334');
INSERT INTO PASSENGER_T (PASSENGERID,FIRSTNAME,LASTNAME,P_STREET_BILL,P_CITY_BILL,
P_STATE_BILL,P_POSTAL_BILL,C_PHONENUMBER) VALUES (3,'Pamela', 'Best', '27 Maple Dr',
'Oconomowoc', 'WI', '53151','1-262-200-7383'); 
INSERT INTO PASSENGER_T (PASSENGERID,FIRSTNAME,LASTNAME,P_STREET_BILL,P_CITY_BILL,
P_STATE_BILL,P_POSTAL_BILL,C_PHONENUMBER) VALUES (4, 'Victor','Woods', '161 Ryan St.',
'New York','NY', '10002','1-212-200-8391');
INSERT INTO PASSENGER_T (PASSENGERID,FIRSTNAME,LASTNAME,P_STREET_BILL,P_CITY_BILL,
P_STATE_BILL,P_POSTAL_BILL,C_PHONENUMBER) VALUES (5, 'Lorenzo','Stokes','7799 Central St.',
'Bronx', 'NY', '14608','1-212-784-4153');
 
CREATE TABLE AIRCRAFTMODEL_T( 
    MODELID INTEGER NOT NULL,
    MODELNAME VARCHAR(21),
    MANUFACTURER VARCHAR(50),
    PLANECAPACITY INTEGER,
    FUELCAPACITY NUMBER,
    WEIGHT NUMBER,
    CRUISINGSPEED NUMBER,
    CONSTRAINT AIRCRAFTMODEL_T PRIMARY KEY(MODELID)
);
 
INSERT INTO AIRCRAFTMODEL_T( MODELID,MODELNAME,MANUFACTURER,PLANECAPACITY,FUELCAPACITY,WEIGHT,CRUISINGSPEED) 
    VALUES (111,'767','Boeing',269,23980,315000,529);
INSERT INTO AIRCRAFTMODEL_T( MODELID,MODELNAME,MANUFACTURER,PLANECAPACITY,FUELCAPACITY,WEIGHT,CRUISINGSPEED) 
    VALUES (222,'777','Boeing',388,31000,545000,529);
INSERT INTO AIRCRAFTMODEL_T( MODELID,MODELNAME,MANUFACTURER,PLANECAPACITY,FUELCAPACITY,WEIGHT,CRUISINGSPEED) 
    VALUES (333,'A222','AIRBUS',135,5681,133600,541);
INSERT INTO AIRCRAFTMODEL_T( MODELID,MODELNAME,MANUFACTURER,PLANECAPACITY,FUELCAPACITY,WEIGHT,CRUISINGSPEED) 
    VALUES (444,'A350','AIRBUS',350,31015,255100,682);
INSERT INTO AIRCRAFTMODEL_T( MODELID,MODELNAME,MANUFACTURER,PLANECAPACITY,FUELCAPACITY,WEIGHT,CRUISINGSPEED) 
    VALUES (555,'C-17','Boeing',102,28000,276000,516);
INSERT INTO AIRCRAFTMODEL_T( MODELID,MODELNAME,MANUFACTURER,PLANECAPACITY,FUELCAPACITY,WEIGHT,CRUISINGSPEED)
     VALUES (667,'The Cessna Citation','Cessna',12,1926,21600,604);
 
CREATE TABLE AIRCRAFTTYPEDEFINITION_T(
    AIRCRAFTTYPE_ID INTEGER NOT NULL,
    PLANETYPEDESCRIPTION VARCHAR(30),
    CONSTRAINT AIRCRAFTTYPEDEFINITION_T PRIMARY KEY (AIRCRAFTTYPE_ID)
);
 
INSERT INTO AIRCRAFTTYPEDEFINITION_T(AIRCRAFTTYPE_ID,PLANETYPEDESCRIPTION) VALUES (1, 'PASSENGER');
INSERT INTO AIRCRAFTTYPEDEFINITION_T(AIRCRAFTTYPE_ID,PLANETYPEDESCRIPTION) VALUES (2, 'PRIVATE');
INSERT INTO AIRCRAFTTYPEDEFINITION_T(AIRCRAFTTYPE_ID,PLANETYPEDESCRIPTION) VALUES (3, 'CARGO');
 
CREATE TABLE AIRCRAFT_T(
    AIRCRAFTREGISTRATIONNO VARCHAR(9) NOT NULL,
    AIRCRAFTMODEL INTEGER NOT NULL,
    AIRCRAFTTYPE INTEGER NOT NULL,
    CONSTRAINT AIRCRAFT_T PRIMARY KEY (AIRCRAFTREGISTRATIONNO),
    CONSTRAINT AIRCRAFT_T_FK1 FOREIGN KEY (AIRCRAFTMODEL) REFERENCES AIRCRAFTMODEL_T (MODELID),
    CONSTRAINT AICRAFT_T_FK2 FOREIGN KEY (AIRCRAFTTYPE) REFERENCES AIRCRAFTTYPEDEFINITION_T (AIRCRAFTTYPE_ID)
);
 
INSERT INTO AIRCRAFT_T( AIRCRAFTREGISTRATIONNO, AIRCRAFTMODEL, AIRCRAFTTYPE) VALUES ('N100',111,1);
INSERT INTO AIRCRAFT_T( AIRCRAFTREGISTRATIONNO, AIRCRAFTMODEL, AIRCRAFTTYPE) VALUES ('N200',222,1);
INSERT INTO AIRCRAFT_T( AIRCRAFTREGISTRATIONNO, AIRCRAFTMODEL, AIRCRAFTTYPE) VALUES ('N300',333,1);
INSERT INTO AIRCRAFT_T( AIRCRAFTREGISTRATIONNO, AIRCRAFTMODEL, AIRCRAFTTYPE) VALUES ('N400',444,1);
INSERT INTO AIRCRAFT_T( AIRCRAFTREGISTRATIONNO, AIRCRAFTMODEL, AIRCRAFTTYPE) VALUES ('N500',555,3);
INSERT INTO AIRCRAFT_T( AIRCRAFTREGISTRATIONNO, AIRCRAFTMODEL, AIRCRAFTTYPE) VALUES ('N600',667,2);
 
CREATE TABLE PASSENGERPLANE_T(
    PASSENGERPLANEID VARCHAR(9) NOT NULL,
    TOTALSEATS INTEGER,
    CONSTRAINT  PASSENGERPLANE_T PRIMARY KEY (PASSENGERPLANEID),
    CONSTRAINT PASSENGERPLANE_T_FK FOREIGN KEY (PASSENGERPLANEID) REFERENCES AIRCRAFT_T (AIRCRAFTREGISTRATIONNO)
);
 
INSERT INTO PASSENGERPLANE_T(PASSENGERPLANEID,TOTALSEATS) VALUES ('N100',230);
INSERT INTO PASSENGERPLANE_T(PASSENGERPLANEID,TOTALSEATS) VALUES ('N200',328);
INSERT INTO PASSENGERPLANE_T(PASSENGERPLANEID,TOTALSEATS) VALUES ('N300',100);
INSERT INTO PASSENGERPLANE_T(PASSENGERPLANEID,TOTALSEATS) VALUES ('N400',300);
INSERT INTO PASSENGERPLANE_T(PASSENGERPLANEID,TOTALSEATS) VALUES ('N600',328);
 
CREATE TABLE PRIVATEPLANE_T(
    PRIVATEPLANEID VARCHAR(9) NOT NULL,
    OWNERFIRSTNAME VARCHAR(30),
    OWNERLASTNAME varchar(30),
    LICENSENO varchar(30),
    CONSTRAINT PRIVATEPLANE_T PRIMARY KEY (PRIVATEPLANEID),
    CONSTRAINT PRIVATEPLANE_T_FK FOREIGN KEY(PRIVATEPLANEID) REFERENCES AIRCRAFT_T (AIRCRAFTREGISTRATIONNO) 
);
 
INSERT INTO PRIVATEPLANE_T(PRIVATEPLANEID,OWNERFIRSTNAME,OWNERLASTNAME,LICENSENO)
 VALUES ('N500','Yaman','Adhikari','AK391LF0392');
 
CREATE TABLE AIRLINE_T(
    AIRLINEID VARCHAR(3) NOT NULL,
    AIRLINENAME varchar(30),
    CONTACTNUMBER varchar(16),
    CONSTRAINT AIRLINE_T PRIMARY KEY (AIRLINEID)
);
 
INSERT INTO AIRLINE_T (AIRLINEID,AIRLINENAME,CONTACTNUMBER) VALUES ('AA','American Airlines','1-800-433-7300');
INSERT INTO AIRLINE_T (AIRLINEID,AIRLINENAME,CONTACTNUMBER) VALUES ('DL','Delta Airlines','1-800-221-1212');
INSERT INTO AIRLINE_T (AIRLINEID,AIRLINENAME,CONTACTNUMBER) VALUES ('B6','JetBlue','1-800-538-2583');
INSERT INTO AIRLINE_T (AIRLINEID,AIRLINENAME,CONTACTNUMBER) VALUES ('WN', 'Southwest Airlines','1-800-435-9792');
INSERT INTO AIRLINE_T (AIRLINEID,AIRLINENAME,CONTACTNUMBER) VALUES ('UA','United Airlines','1-800-864-8331');
INSERT INTO AIRLINE_T (AIRLINEID,AIRLINENAME,CONTACTNUMBER) VALUES ('WS','WestJet Airlines','1-888-936-8538');
INSERT INTO AIRLINE_T (AIRLINEID,AIRLINENAME,CONTACTNUMBER) VALUES ('NK','Spirit Airlines','1-855-728-3555');
 
CREATE TABLE FLIGHTTYPEDESCRIPTION_T (
    FLIGHTTYPEID INTEGER NOT NULL,
    FLIGHTTYPENAME VARCHAR(10),
    CONSTRAINT FLIGHTTYPEDESCRIPTION_T PRIMARY KEY (FLIGHTTYPEID)
);
 
INSERT INTO FLIGHTTYPEDESCRIPTION_T (FLIGHTTYPEID,FLIGHTTYPENAME) VALUES (1,'ARRIVING');
INSERT INTO FLIGHTTYPEDESCRIPTION_T (FLIGHTTYPEID,FLIGHTTYPENAME) VALUES (2, 'DEPARTING');
INSERT INTO FLIGHTTYPEDESCRIPTION_T (FLIGHTTYPEID,FLIGHTTYPENAME) VALUES (3, 'CONNECTING');
 
CREATE TABLE AIRCRAFTFLIGHTNO_T(
    AIRLINECODE VARCHAR(3) NOT NULL,
    FLIGHTREGISTRATION VARCHAR(9) NOT NULL,
    TYPEOFFLIGHT INTEGER NOT NULL,
    CONSTRAINT AIRCRAFTFLIGHTNO_T PRIMARY KEY (AIRLINECODE,FLIGHTREGISTRATION),
    CONSTRAINT AIRCRAFTFLIGHTNO_T_FK1 FOREIGN KEY (AIRLINECODE) REFERENCES AIRLINE_T(AIRLINEID), 
    CONSTRAINT AIRCRAFTFLIGHTNO_T_FK2 FOREIGN KEY (FLIGHTREGISTRATION) REFERENCES AIRCRAFT_T(AIRCRAFTREGISTRATIONNO),
    CONSTRAINT AIRCRAFTFLIGHTNO_T_FK3 FOREIGN KEY (TYPEOFFLIGHT) REFERENCES FLIGHTTYPEDESCRIPTION_T(FLIGHTTYPEID)
);
 
 
insert into AIRCRAFTFLIGHTNO_T(AIRLINECODE,FLIGHTREGISTRATION,TYPEOFFLIGHT) VALUES ('AA','N100',1);
insert into AIRCRAFTFLIGHTNO_T(AIRLINECODE,FLIGHTREGISTRATION,TYPEOFFLIGHT) VALUES ('AA','N200',2);  
insert into AIRCRAFTFLIGHTNO_T(AIRLINECODE,FLIGHTREGISTRATION,TYPEOFFLIGHT) VALUES ('DL','N300',3);  
insert into AIRCRAFTFLIGHTNO_T(AIRLINECODE,FLIGHTREGISTRATION,TYPEOFFLIGHT) VALUES ('B6','N400',2);  
insert into AIRCRAFTFLIGHTNO_T(AIRLINECODE,FLIGHTREGISTRATION,TYPEOFFLIGHT) VALUES ('WN','N600',2); 
 
 
CREATE TABLE AIRPORT_T(
    IATAID CHAR(3) NOT NULL,
    ICAOCode CHAR(4)NOT NULL,
    AIRPORTNAME VARCHAR(50),
    A_PHONENUMBER VARCHAR(30),
    AIRPORTSTREET VARCHAR(30),
    AIRPORTCITY VARCHAR(30),
    AIRPORTSTATE VARCHAR(30),
    AIRPORTZIP VARCHAR(5),
    AIRPORTCAPACITY NUMBER,
    NOOFTAXIWAYS NUMBER,
    NO_OFRUNWAYS NUMBER,
    CONSTRAINT AIRPORT_T PRIMARY KEY (IATAID)
);
 
INSERT INTO AIRPORT_T (IATAID, ICAOCode,AIRPORTNAME,A_PHONENUMBER,AIRPORTSTREET, AIRPORTCITY,
AIRPORTSTATE,AIRPORTZIP,AIRPORTCAPACITY,NOOFTAXIWAYS,NO_OFRUNWAYS) VALUES ('LGA','KLGA','La Guardia Airport',
'1-718-533-3400','LaGuardia Road & 94th St.','Queens','NY','13771',8245192,20,2);
INSERT INTO AIRPORT_T (IATAID, ICAOCode,AIRPORTNAME,A_PHONENUMBER,AIRPORTSTREET, AIRPORTCITY,
AIRPORTSTATE,AIRPORTZIP,AIRPORTCAPACITY,NOOFTAXIWAYS,NO_OFRUNWAYS) VALUES ('ATL','KATL', 'Hartsfield-Jackson Atlanta International Airport',
'1-800-897-1910', '6000 N Terminal Pkwy','Atlanta','GA','30320',55000000,93,5);
INSERT INTO AIRPORT_T (IATAID, ICAOCode,AIRPORTNAME,A_PHONENUMBER,AIRPORTSTREET, AIRPORTCITY,
AIRPORTSTATE,AIRPORTZIP,AIRPORTCAPACITY,NOOFTAXIWAYS,NO_OFRUNWAYS) VALUES ('RIC','KRIC','Richmond International Airport',
'1-804-226-3000','1 Richard E Bryd Termianl Dr','Richmond','VA','23250',4379663,36,3);
INSERT INTO AIRPORT_T (IATAID, ICAOCode,AIRPORTNAME,A_PHONENUMBER,AIRPORTSTREET, AIRPORTCITY,
AIRPORTSTATE,AIRPORTZIP,AIRPORTCAPACITY,NOOFTAXIWAYS,NO_OFRUNWAYS) VALUES ('MKE','KMKE','Milwaukee Mitchell International Airport',
'1-414-747-5300','5300 S Howell Ave', 'Milwaukee', 'WI','53207',2627215,89,5);
INSERT INTO AIRPORT_T (IATAID, ICAOCode,AIRPORTNAME,A_PHONENUMBER,AIRPORTSTREET, AIRPORTCITY,
AIRPORTSTATE,AIRPORTZIP,AIRPORTCAPACITY,NOOFTAXIWAYS,NO_OFRUNWAYS) VALUES ('DFW','KDFW','Dallas/Fort Worth International Airport',
'1-972-973-3112','2400 Aviation Dr','Dallas', 'TX','75261',39364990,112,7);
INSERT INTO AIRPORT_T (IATAID, ICAOCode,AIRPORTNAME,A_PHONENUMBER,AIRPORTSTREET, AIRPORTCITY,
AIRPORTSTATE,AIRPORTZIP,AIRPORTCAPACITY,NOOFTAXIWAYS,NO_OFRUNWAYS) VALUES ('MIA','KMIA','Miama International Airport',
'1-305-876-7000','2100 NW 42nd Ave','Miami','FL','33126',18663858,43,4);
INSERT INTO AIRPORT_T (IATAID, ICAOCode,AIRPORTNAME,A_PHONENUMBER,AIRPORTSTREET, AIRPORTCITY,
AIRPORTSTATE,AIRPORTZIP,AIRPORTCAPACITY,NOOFTAXIWAYS,NO_OFRUNWAYS) VALUES ('LAX','KLAX','Los Angeles International Airport',
'1-855-463-5252','1 World Way','Los Angeles','CA','90045',28779527,74,4);
 
CREATE TABLE FLIGHTPATH_T (
    ROUTEID NUMBER NOT NULL,
    DEPARTUREAIRPORTID CHAR(3)NOT NULL,
    ARRIVALAIRPORTID CHAR(3) NOT NULL,
    DISTANCEINMILES NUMBER,
    CONSTRAINT FLIGHTPATH_T PRIMARY KEY (ROUTEID),
    CONSTRAINT FLIGHTPATH_T_FK1 FOREIGN KEY (ARRIVALAIRPORTID) REFERENCES AIRPORT_T(IATAID),
    CONSTRAINT FLIGHTPATH_T_FK2 FOREIGN KEY (DEPARTUREAIRPORTID) REFERENCES AIRPORT_T(IATAID)
);
INSERT INTO FLIGHTPATH_T (ROUTEID,DEPARTUREAIRPORTID, ARRIVALAIRPORTID,DISTANCEINMILES) VALUES (1,'LGA','ATL',762);
INSERT INTO FLIGHTPATH_T (ROUTEID,DEPARTUREAIRPORTID, ARRIVALAIRPORTID,DISTANCEINMILES) VALUES (2,'ATL','LGA',762);
INSERT INTO FLIGHTPATH_T (ROUTEID,DEPARTUREAIRPORTID, ARRIVALAIRPORTID,DISTANCEINMILES) VALUES (3,'LGA','RIC',292);
INSERT INTO FLIGHTPATH_T (ROUTEID,DEPARTUREAIRPORTID, ARRIVALAIRPORTID,DISTANCEINMILES) VALUES (4,'RIC','LGA',292);
INSERT INTO FLIGHTPATH_T (ROUTEID,DEPARTUREAIRPORTID, ARRIVALAIRPORTID,DISTANCEINMILES) VALUES (5,'LGA','MKE',738);
INSERT INTO FLIGHTPATH_T (ROUTEID,DEPARTUREAIRPORTID, ARRIVALAIRPORTID,DISTANCEINMILES) VALUES (6,'MKE','LGA',738);
INSERT INTO FLIGHTPATH_T (ROUTEID,DEPARTUREAIRPORTID, ARRIVALAIRPORTID,DISTANCEINMILES) VALUES (7,'LGA','DFW',1389);
INSERT INTO FLIGHTPATH_T (ROUTEID,DEPARTUREAIRPORTID, ARRIVALAIRPORTID,DISTANCEINMILES) VALUES (8,'DFW','LGA',1389);
INSERT INTO FLIGHTPATH_T (ROUTEID,DEPARTUREAIRPORTID, ARRIVALAIRPORTID,DISTANCEINMILES) VALUES (9,'LGA','MIA',1097);
INSERT INTO FLIGHTPATH_T (ROUTEID,DEPARTUREAIRPORTID, ARRIVALAIRPORTID,DISTANCEINMILES) VALUES (10,'MIA','LGA',1097);
INSERT INTO FLIGHTPATH_T (ROUTEID,DEPARTUREAIRPORTID, ARRIVALAIRPORTID,DISTANCEINMILES) VALUES (11,'ATL','LAX',1946);
 
CREATE TABLE PARKINGTICKET_T(
    PARKINGTICKETNO NUMBER NOT NULL, 
    DRIVER INTEGER NOT NULL, 
    LICENSEPLATE VARCHAR(10),
    CARMODEL VARCHAR(30),
    PARKINGDATE DATE,
    LOT CHAR(1) NOT NULL,
    CONSTRAINT PARKINGTICKET_T PRIMARY KEY (PARKINGTICKETNO),
    CONSTRAINT PARKINGTICKET_T_FK1 FOREIGN KEY (DRIVER) REFERENCES PASSENGER_T(PASSENGERID)
); 
 
INSERT INTO PARKINGTICKET_T(PARKINGTICKETNO,DRIVER,LICENSEPLATE,CARMODEL,PARKINGDATE,LOT) VALUES (101,1,'1230DK','CIVIC','12-09-21','A'); 
INSERT INTO PARKINGTICKET_T(PARKINGTICKETNO,DRIVER,LICENSEPLATE,CARMODEL,PARKINGDATE,LOT) VALUES (102,2,'ALDS2J','ACCORD','01-02-21','C');
INSERT INTO PARKINGTICKET_T(PARKINGTICKETNO,DRIVER,LICENSEPLATE,CARMODEL,PARKINGDATE,LOT) VALUES (103,3,'F93JD0','CAMRY','11-04-21','D');
INSERT INTO PARKINGTICKET_T(PARKINGTICKETNO,DRIVER,LICENSEPLATE,CARMODEL,PARKINGDATE,LOT) VALUES (104,4,'2JD83J','COROLLA','12-01-21','H');
INSERT INTO PARKINGTICKET_T(PARKINGTICKETNO,DRIVER,LICENSEPLATE,CARMODEL,PARKINGDATE,LOT) VALUES (105,5,'390FD9','TACOMA','11-09-21','Y');
 
CREATE TABLE EMPLOYEE_T(
    EMPLOYEEID VARCHAR(10) NOT NULL,
    Emp_FIRSTNAME varchar(30),
    Emp_LASTNAME varchar(30),
    DATEOFBIRTH DATE,
    STARTDATE DATE,
    EMP_STREETADDRESS VARCHAR(100),
    EMP_CITY VARCHAR(100),
    EMP_STATE VARCHAR(2),
    EMP_ZIPCODE VARCHAR(5),
    JOBTITLE VARCHAR(40),
    EMPLOYEEJOBTYPE VARCHAR(40),
    CONSTRAINT EMPLOYEE PRIMARY KEY (EMPLOYEEID)
);
 
INSERT INTO EMPLOYEE_T (EMPLOYEEID,Emp_FIRSTNAME,Emp_LASTNAME,DATEOFBIRTH,STARTDATE,EMP_STREETADDRESS,EMP_CITY,
EMP_STATE,EMP_ZIPCODE,JOBTITLE,EMPLOYEEJOBTYPE) VALUES ('KIMCJ','Cassandra','Kim','11-2-1974','4-21-1998',
'7827 N. Princeton St','Bronx','NY','10458','Passenger Service Agent','Full-time');
INSERT INTO EMPLOYEE_T (EMPLOYEEID,Emp_FIRSTNAME,Emp_LASTNAME,DATEOFBIRTH,STARTDATE,EMP_STREETADDRESS,EMP_CITY,
EMP_STATE,EMP_ZIPCODE,JOBTITLE,EMPLOYEEJOBTYPE) VALUES ('MULLINSSG','Stewart','Mullins','3-17-1981','3-11-2004',
'595 W. Stillwater Ave.','Middletown','NY','10940','Aircraft Fueler','Full-time');
INSERT INTO EMPLOYEE_T (EMPLOYEEID,Emp_FIRSTNAME,Emp_LASTNAME,DATEOFBIRTH,STARTDATE,EMP_STREETADDRESS,EMP_CITY,
EMP_STATE,EMP_ZIPCODE,JOBTITLE,EMPLOYEEJOBTYPE) VALUES ('PERKINSNF','Nye','Perkins','6-26-1998','8-18-2015',
'4 Owen Avenue','Queensbury','NY','12804','Baggage Handler','Part-time');
INSERT INTO EMPLOYEE_T (EMPLOYEEID,Emp_FIRSTNAME,Emp_LASTNAME,DATEOFBIRTH,STARTDATE,EMP_STREETADDRESS,EMP_CITY,
EMP_STATE,EMP_ZIPCODE,JOBTITLE,EMPLOYEEJOBTYPE) VALUES ('MCDONALDBB','Billy','McDonald','1-10-1970','7-27-1989',
'60 Elliot Ave','Yonkers','NY','10705','Baggage Handler','Part-time');
INSERT INTO EMPLOYEE_T (EMPLOYEEID,Emp_FIRSTNAME,Emp_LASTNAME,DATEOFBIRTH,STARTDATE,EMP_STREETADDRESS,EMP_CITY,
EMP_STATE,EMP_ZIPCODE,JOBTITLE,EMPLOYEEJOBTYPE) VALUES ('BOWMANDR','Dolores','Bowman','7-6-1987','8-27-2020',
'9 Sweetbriar Ln','Queensbury','NY','12804','Bus Driver','Part-time');
INSERT INTO EMPLOYEE_T (EMPLOYEEID,Emp_FIRSTNAME,Emp_LASTNAME,DATEOFBIRTH,STARTDATE,EMP_STREETADDRESS,EMP_CITY,
EMP_STATE,EMP_ZIPCODE,JOBTITLE,EMPLOYEEJOBTYPE) VALUES ('WALKERGM','Gordon','Walker','2-5-1976','5-24-2004',
'2962 State 94 Rte','Hadley','NY','10918','Bus Driver','Part-time');
INSERT INTO EMPLOYEE_T (EMPLOYEEID,Emp_FIRSTNAME,Emp_LASTNAME,DATEOFBIRTH,STARTDATE,EMP_STREETADDRESS,EMP_CITY,
EMP_STATE,EMP_ZIPCODE,JOBTITLE,EMPLOYEEJOBTYPE) VALUES ('BURKEA','Alexander','Burke','1-7-2001','9-20-2019',
'72 Heitman Dr Apt. 203','Spring Valley','NY','10977','Maintenance','Full-time');
INSERT INTO EMPLOYEE_T (EMPLOYEEID,Emp_FIRSTNAME,Emp_LASTNAME,DATEOFBIRTH,STARTDATE,EMP_STREETADDRESS,EMP_CITY,
EMP_STATE,EMP_ZIPCODE,JOBTITLE,EMPLOYEEJOBTYPE) VALUES ('KENNEDYCP','Christopher','Kennedy','1-28-1985','6-24-2015',
'464 Main St Apt 101','Port Washington','NY','11050','Bus Driver','Part-time');
 
CREATE TABLE BUS_DRIVER_T(
    EMPLOYEEID VARCHAR(10) NOT NULL,
    CDL_No varchar(12),
    constraint BUS_DRIVER_T_fk foreign key (employeeid) references employee_t(employeeid),
    constraint bus_driver_t primary key (employeeid)
);
 
INSERT INTO BUS_DRIVER_T (EMPLOYEEID,CDL_No) VALUES ('BOWMANDR','1234-56-7890');
INSERT INTO BUS_DRIVER_T (EMPLOYEEID,CDL_No) VALUES ('WALKERGM','9876-54-3210');
INSERT INTO BUS_DRIVER_T (EMPLOYEEID,CDL_No) VALUES ('KENNEDYCP','2020-46-8544');
 
CREATE TABLE SHUTTLEBUS_T (
    BUS_ID NUMBER NOT NULL, 
    BUS_CAPACITY INTEGER,
    NO_OF_BUS_STOPS NUMBER,
    BUSDEPARTURETIME TIMESTAMP,
    BUSARRIVALTIME TIMESTAMP,
    BUSTYPE VARCHAR(30),
    ASSIGNED_DRIVER VARCHAR(10) NOT NULL,
    CONSTRAINT SHUTTLEBUS_T PRIMARY KEY (BUS_ID),
    CONSTRAINT SHUTTLEBUS_T_FK FOREIGN KEY (ASSIGNED_DRIVER) REFERENCES BUS_DRIVER_T(EMPLOYEEID)
);
 
INSERT INTO SHUTTLEBUS_T (BUS_ID, BUS_CAPACITY, NO_OF_BUS_STOPS, BUSDEPARTURETIME, BUSARRIVALTIME, BUSTYPE,
    ASSIGNED_DRIVER) VALUES (8772274669, 48, 4, '12-DEC-21 08:00:00 AM', '12-DEC-21 08:30:00 AM', 'Carpark','KENNEDYCP');
INSERT INTO SHUTTLEBUS_T (BUS_ID, BUS_CAPACITY, NO_OF_BUS_STOPS, BUSDEPARTURETIME, BUSARRIVALTIME, BUSTYPE, 
    ASSIGNED_DRIVER) VALUES (8772274559, 48, 7, '12-DEC-21 03:00:00 PM', '12-DEC-21 03:15:00 PM', 'TerminalTransfer','WALKERGM');
INSERT INTO SHUTTLEBUS_T (BUS_ID, BUS_CAPACITY, NO_OF_BUS_STOPS, BUSDEPARTURETIME, BUSARRIVALTIME, BUSTYPE,
    ASSIGNED_DRIVER) VALUES (1172274559, 48, 3, '12-DEC-21 12:00:00 PM','12-DEC-21 12:30:00 PM', 'AirsideTransfer','BOWMANDR');
 
 
CREATE TABLE CARPARK_T (
    CARPARKBUSID NUMBER NOT NULL,
    DEPTR_LOT CHAR(1),
    DEST_LOT CHAR(1),
    CONSTRAINT CARPARK_T_FK1 FOREIGN KEY (CARPARKBUSID) REFERENCES SHUTTLEBUS_T(BUS_ID)
);
 
INSERT INTO CARPARK_T (CARPARKBUSID, DEPTR_LOT, DEST_LOT) VALUES (8772274669, 'A', 'B');
INSERT INTO CARPARK_T (CARPARKBUSID, DEPTR_LOT, DEST_LOT) VALUES (8772274669, 'B', 'C');
INSERT INTO CARPARK_T (CARPARKBUSID, DEPTR_LOT, DEST_LOT) VALUES (8772274669, 'C', 'A');
 
CREATE TABLE AIRSIDE_TRANSFER_T(
    BUS_ID NUMBER NOT NULL,
    DEPARTURE_GATE VARCHAR(4),
    CONSTRAINT AIRSIDE_T_FK1 FOREIGN KEY (BUS_ID) REFERENCES SHUTTLEBUS_T(BUS_ID)
);
 
 
INSERT INTO AIRSIDE_TRANSFER_T (BUS_ID,DEPARTURE_GATE) VALUES (1172274559, 'A2');
INSERT INTO AIRSIDE_TRANSFER_T (BUS_ID,DEPARTURE_GATE) VALUES (1172274559, 'A5');
INSERT INTO AIRSIDE_TRANSFER_T (BUS_ID,DEPARTURE_GATE) VALUES (1172274559, 'C3');
 
CREATE TABLE TERMINALTRANSFER_T(
    BUS_ID NUMBER NOT NULL,
    DEST_TERMINAL VARCHAR(4),
    DEPTR_TERMINAL VARCHAR(4),
    CONSTRAINT TERMINALTRANSFER_FK FOREIGN KEY (BUS_ID) REFERENCES SHUTTLEBUS_T(BUS_ID)
);
 
 INSERT INTO TERMINALTRANSFER_T (BUS_ID, DEST_TERMINAL, DEPTR_TERMINAL) 
    VALUES (8772274559, 'A', 'B');
INSERT INTO TERMINALTRANSFER_T (BUS_ID, DEST_TERMINAL, DEPTR_TERMINAL) 
    VALUES (8772274559, 'B', 'C');
INSERT INTO TERMINALTRANSFER_T (BUS_ID, DEST_TERMINAL, DEPTR_TERMINAL) 
    VALUES (8772274559, 'C', 'A');
 
CREATE TABLE PILOT_T (
    PILOT_ID NUMBER NOT NULL,
    PILOTFIRSTNAME varchar(30),
    PILOTLASTNAME varchar(30),
    AIRLINEID VARCHAR(3) NOT NULL,
    CONSTRAINT PILOT_T PRIMARY KEY (PILOT_ID),
    CONSTRAINT PILOT_T_FK FOREIGN KEY (AIRLINEID) REFERENCES AIRLINE_T(AIRLINEID)
);
 
INSERT INTO PILOT_T (PILOT_ID, PILOTFIRSTNAME, PILOTLASTNAME, AIRLINEID) VALUES (6942069, 'Cardigan', 'Backyardigan', 'AA');
INSERT INTO PILOT_T (PILOT_ID, PILOTFIRSTNAME, PILOTLASTNAME, AIRLINEID) VALUES (8888888, 'Yeet', 'Bool', 'DL');
INSERT INTO PILOT_T (PILOT_ID, PILOTFIRSTNAME, PILOTLASTNAME, AIRLINEID) VALUES (1234567, 'Crystal', 'Bethany', 'WN');
INSERT INTO PILOT_T (PILOT_ID, PILOTFIRSTNAME, PILOTLASTNAME, AIRLINEID) VALUES (8675309, 'Jarad', 'Higgins', 'B6');
 
CREATE TABLE SCHEDULED_FLIGHT_T(
    SCHEDULEID NUMBER NOT NULL,
    AIRLINECARRIER VARCHAR(3) NOT NULL,
    FLIGHTNO VARCHAR(9)NOT NULL,
    PILOTID NUMBER NOT NULL,
    ROUTEID NUMBER NOT NULL,
    DEPARTUREDATETIME timestamp,
    DEPARTUREGATE VARCHAR(3),
    ARRIVALDATETIME timestamp,
    ARRIVALGATE VARCHAR(3),
    STATUS VARCHAR(30),
    CONSTRAINT SCHEDULED_FLIGHT_T PRIMARY KEY (SCHEDULEID),
    CONSTRAINT SCHEDULED_FLIGHT_T_FK1 FOREIGN KEY (ROUTEID) REFERENCES FLIGHTPATH_T(ROUTEID),
    CONSTRAINT SCHEDULED_FLIGHT_T_FK2 FOREIGN KEY (PILOTID) REFERENCES PILOT_T(PILOT_ID),
    CONSTRAINT SCHEDULED_FLIGHT_T_FK3 FOREIGN KEY (AIRLINECARRIER,FLIGHTNO) REFERENCES AIRCRAFTFLIGHTNO_T(AIRLINECODE,FLIGHTREGISTRATION)
);
 
INSERT INTO SCHEDULED_FLIGHT_T(SCHEDULEID,AIRLINECARRIER,FLIGHTNO,PILOTID,ROUTEID,DEPARTUREDATETIME,DEPARTUREGATE,ARRIVALDATETIME,ARRIVALGATE,STATUS)
VALUES (1000000001,'AA','N100',6942069,'1','09-DEC-2021 09:00:00 AM','A2','09-DEC-2021 01:00:00 PM','F2','ON-TIME');
INSERT INTO SCHEDULED_FLIGHT_T(SCHEDULEID,AIRLINECARRIER,FLIGHTNO,PILOTID,ROUTEID,DEPARTUREDATETIME,DEPARTUREGATE,ARRIVALDATETIME,ARRIVALGATE,STATUS)
VALUES (1000000002,'AA','N200',6942069,'2','10-DEC-2021 06:30:00 AM','G3','10-DEC-2021 10:00:00 AM','B4','ON-TIME');
INSERT INTO SCHEDULED_FLIGHT_T(SCHEDULEID,AIRLINECARRIER,FLIGHTNO,PILOTID,ROUTEID,DEPARTUREDATETIME,DEPARTUREGATE,ARRIVALDATETIME,ARRIVALGATE,STATUS)
VALUES (1000000003,'DL','N300',8888888,'3','11-DEC-2021 10:30:00 PM','A5','12-DEC-2021 04:00:00 AM','C3','ON-TIME');
INSERT INTO SCHEDULED_FLIGHT_T(SCHEDULEID,AIRLINECARRIER,FLIGHTNO,PILOTID,ROUTEID,DEPARTUREDATETIME,DEPARTUREGATE,ARRIVALDATETIME,ARRIVALGATE,STATUS)
VALUES (1000000004,'B6','N400',1234567,'5','12-DEC-2021 04:00:00 PM','C3','12-DEC-2021 07:00:00 PM','H5','ON-TIME');
INSERT INTO SCHEDULED_FLIGHT_T(SCHEDULEID,AIRLINECARRIER,FLIGHTNO,PILOTID,ROUTEID,DEPARTUREDATETIME,DEPARTUREGATE,ARRIVALDATETIME,ARRIVALGATE,STATUS)
VALUES (1000000005,'WN','N600',8675309,'7','05-DEC-2021 08:30:00 PM','A11','05-DEC-2021 12:30:00 PM','D2','DELAYED 2-HOURS');
 
CREATE TABLE PASSENGER_ITINARARY_T(
    PNR varchar(10) NOT NULL,
    TOTAL_COST NUMBER,
    DISCOUNTAMOUNT NUMBER,
    BOOKDATE varchar(30),
    TICKETNO varchar(30),
    SEATCLASS varchar(30),
    CHECKEDINSTATUS NUMBER(1),
    SCHEDULEID NUMBER NOT NULL,
    PASSENGERID NUMBER NOT NULL,
    CONSTRAINT PASSENGER_ITINARARY_T_FK FOREIGN KEY (PASSENGERID) REFERENCES PASSENGER_T(PASSENGERID),
    CONSTRAINT PASSENGER_ITINARARY_T_FK2 FOREIGN KEY (SCHEDULEID) REFERENCES SCHEDULED_FLIGHT_t(SCHEDULEID),
    CONSTRAINT PASSENGER_ITINARARY_T PRIMARY KEY (PNR)
);
 
INSERT INTO PASSENGER_ITINARARY_T(PNR,TOTAL_COST,DISCOUNTAMOUNT,BOOKDATE,TICKETNO,SEATCLASS,CHECKEDINSTATUS,SCHEDULEID,PASSENGERID) 
VALUES ('H23H2F',300,0,'11-NOV-21',7983458971,'Economy',1,1000000001,1);
INSERT INTO PASSENGER_ITINARARY_T(PNR,TOTAL_COST,DISCOUNTAMOUNT,BOOKDATE,TICKETNO,SEATCLASS,CHECKEDINSTATUS,SCHEDULEID,PASSENGERID) 
VALUES ('J73J7G',350,40,'09-DEC-21',7983458972,'Economy',0,1000000002,2);
INSERT INTO PASSENGER_ITINARARY_T(PNR,TOTAL_COST,DISCOUNTAMOUNT,BOOKDATE,TICKETNO,SEATCLASS,CHECKEDINSTATUS,SCHEDULEID,PASSENGERID) 
VALUES ('D73L9G',330,0,'11-NOV-21',7983458973,'Economy',0,1000000003,3);
INSERT INTO PASSENGER_ITINARARY_T(PNR,TOTAL_COST,DISCOUNTAMOUNT,BOOKDATE,TICKETNO,SEATCLASS,CHECKEDINSTATUS,SCHEDULEID,PASSENGERID) 
VALUES ('A78V4C',540,0,'11-NOV-21',7983458974,'Business',1,1000000004,4);
INSERT INTO PASSENGER_ITINARARY_T(PNR,TOTAL_COST,DISCOUNTAMOUNT,BOOKDATE,TICKETNO,SEATCLASS,CHECKEDINSTATUS,SCHEDULEID,PASSENGERID) 
VALUES ('P09J7F',532,60,'11-NOV-21',7983458975,'Business',1,1000000005,5);
 
CREATE TABLE PASSENGERCHECKIN_T (
    PNR varchar(10) NOT NULL,
    BOARDINGPASSID VARCHAR(10),
    BOARDINGDATETIME TIMESTAMP,
    CHECKEDINBY VARCHAR(10),
    CONSTRAINT PASSENGERCHECKIN_T_FK FOREIGN KEY (CHECKEDINBY) REFERENCES EMPLOYEE_T(EMPLOYEEID),
    CONSTRAINT PASSENGERCHECKIN_T_FK2 FOREIGN KEY (PNR) REFERENCES PASSENGER_ITINARARY_T(PNR)
);
 
INSERT INTO PASSENGERCHECKIN_T (PNR,BOARDINGPASSID,BOARDINGDATETIME,CHECKEDINBY) VALUES ('H23H2F','VCU111','09-DEC-2021 08:30:00 AM','KIMCJ');
INSERT INTO PASSENGERCHECKIN_T (PNR,BOARDINGPASSID,BOARDINGDATETIME,CHECKEDINBY) VALUES ('J73J7G','VCU112',null,null);
INSERT INTO PASSENGERCHECKIN_T (PNR,BOARDINGPASSID,BOARDINGDATETIME,CHECKEDINBY) VALUES ('D73L9G','VCU113',null,null);
INSERT INTO PASSENGERCHECKIN_T (PNR,BOARDINGPASSID,BOARDINGDATETIME,CHECKEDINBY) VALUES ('A78V4C','VCU114','12-DEC-2021 04:00:00 PM','KIMCJ');
INSERT INTO PASSENGERCHECKIN_T (PNR,BOARDINGPASSID,BOARDINGDATETIME,CHECKEDINBY) VALUES ('P09J7F','VCU115','05-DEC-2021 08:00:00 PM','KIMCJ');
 
CREATE TABLE PASSENGERBOOKINGSEATING_T(
    PNR varchar(10) NOT NULL, 
    AIRPLANEID VARCHAR(9) NOT NULL,
    RESERVEDSEAT NUMBER,
    SEATASSIGNED VARCHAR(5),
    CONSTRAINT PASSENGERBOOKINGSEATING_T_FK FOREIGN KEY (PNR) REFERENCES PASSENGER_ITINARARY_T(PNR), 
    CONSTRAINT AIRPLANEID_FK FOREIGN KEY (AIRPLANEID) REFERENCES  PASSENGERPLANE_T(PASSENGERPLANEID)
);
 
 
 INSERT INTO PASSENGERBOOKINGSEATING_T(PNR,AIRPLANEID,RESERVEDSEAT,SEATASSIGNED) VALUES ('H23H2F','N100',120,225);
INSERT INTO PASSENGERBOOKINGSEATING_T(PNR,AIRPLANEID,RESERVEDSEAT,SEATASSIGNED) valueS ('J73J7G','N200',222,320);
INSERT INTO PASSENGERBOOKINGSEATING_T(PNR,AIRPLANEID,RESERVEDSEAT,SEATASSIGNED) valueS ('D73L9G','N300',100,100);
INSERT INTO PASSENGERBOOKINGSEATING_T(PNR,AIRPLANEID,RESERVEDSEAT,SEATASSIGNED) valueS ('A78V4C','N400',112,233);
INSERT INTO PASSENGERBOOKINGSEATING_T(PNR,AIRPLANEID,RESERVEDSEAT,SEATASSIGNED) valueS ('P09J7F','N600',239,333);
 
CREATE TABLE LUGGAGE_T(
    LUGGAGEID NUMBER NOT NULL,
    WEIGHT DECIMAL NOT NULL,
    LUGGAGESIZE VARCHAR(100) NOT NULL,
    CAROUSELNO VARCHAR(30) NOT NULL,
    TERMINALLOCATION VARCHAR(130) NOT NULL,
    HOLDLOCATION VARCHAR(100),
    WEIGHTSTATUS VARCHAR(100),
    PASSENGER_ID number NOT NULL, 
    SCHEDULE_ID NUMBER NOT NULL,
    CONSTRAINT LUGGAGE_T_FK1 FOREIGN KEY (PASSENGER_ID) REFERENCES PASSENGER_T(PASSENGERID),
    CONSTRAINT LUGGAGE_T_FK2 FOREIGN KEY (SCHEDULE_ID) REFERENCES SCHEDULED_FLIGHT_T (SCHEDULEID),  
    CONSTRAINT LUGGAGE_T PRIMARY KEY (LUGGAGEID) 
);
 
INSERT INTO LUGGAGE_T(LUGGAGEID,WEIGHT,LUGGAGESIZE ,CAROUSELNO ,TERMINALLOCATION ,HOLDLOCATION ,WEIGHTSTATUS ,PASSENGER_ID , SCHEDULE_ID)
VALUES (1001,45.3,'MEDIUM','C3','Terminal A','CARGOHOLD','Good Standing',1,1000000001);
INSERT INTO LUGGAGE_T(LUGGAGEID,WEIGHT,LUGGAGESIZE ,CAROUSELNO ,TERMINALLOCATION ,HOLDLOCATION ,WEIGHTSTATUS ,PASSENGER_ID , SCHEDULE_ID)
VALUES (1002,47.4,'MEDIUM','C3','Terminal A','CARGOHOLD','Good Standing',1,1000000001);
INSERT INTO LUGGAGE_T(LUGGAGEID,WEIGHT,LUGGAGESIZE ,CAROUSELNO ,TERMINALLOCATION ,HOLDLOCATION ,WEIGHTSTATUS ,PASSENGER_ID , SCHEDULE_ID)
VALUES (1003,29.4,'Small','C3','Terminal A','CARRY ON','Good Standing',1,1000000001);
INSERT INTO LUGGAGE_T(LUGGAGEID,WEIGHT,LUGGAGESIZE ,CAROUSELNO ,TERMINALLOCATION ,HOLDLOCATION ,WEIGHTSTATUS ,PASSENGER_ID , SCHEDULE_ID)
VALUES (1004,42.5,'MEDIUM','C3','Terminal B','CARGOHOLD','Good Standing',2,1000000002);
INSERT INTO LUGGAGE_T(LUGGAGEID,WEIGHT,LUGGAGESIZE ,CAROUSELNO ,TERMINALLOCATION ,HOLDLOCATION ,WEIGHTSTATUS ,PASSENGER_ID , SCHEDULE_ID)
VALUES (1005,44.7,'MEDIUM','C3','Terminal B','CARGOHOLD','Good Standing',2,1000000002);
INSERT INTO LUGGAGE_T(LUGGAGEID,WEIGHT,LUGGAGESIZE ,CAROUSELNO ,TERMINALLOCATION ,HOLDLOCATION ,WEIGHTSTATUS ,PASSENGER_ID , SCHEDULE_ID)
VALUES (1006,22.5,'SMALL','C3','Terminal A','CARRY ON','Good Standing',3,1000000003);
INSERT INTO LUGGAGE_T(LUGGAGEID,WEIGHT,LUGGAGESIZE ,CAROUSELNO ,TERMINALLOCATION ,HOLDLOCATION ,WEIGHTSTATUS ,PASSENGER_ID , SCHEDULE_ID)
VALUES (1007,48.6,'MEDIUM','C3','Terminal A','CARRY ON','Good Standing',3,1000000003);
INSERT INTO LUGGAGE_T(LUGGAGEID,WEIGHT,LUGGAGESIZE ,CAROUSELNO ,TERMINALLOCATION ,HOLDLOCATION ,WEIGHTSTATUS ,PASSENGER_ID , SCHEDULE_ID)
VALUES (1008,56.1,'LARGE','C3','Terminal B','CARGOHOLD','Over Weight',4,1000000004);
INSERT INTO LUGGAGE_T(LUGGAGEID,WEIGHT,LUGGAGESIZE ,CAROUSELNO ,TERMINALLOCATION ,HOLDLOCATION ,WEIGHTSTATUS ,PASSENGER_ID , SCHEDULE_ID)
VALUES (1009,58.2,'LARGE','C3','Terminal C','CARGOHOLD','Over Weight',5,1000000005);
 
CREATE TABLE LUGGAGEWITHFEE_T(
    LUGGAGEID NUMBER NOT NULL,
    CALCULATEDFEE NUMBER,
    CONSTRAINT LUGGAGEWITHFEE_FK FOREIGN KEY (LUGGAGEID) REFERENCES LUGGAGE_t(LUGGAGEID)
);
 
INSERT INTO LUGGAGEWITHFEE_T(LUGGAGEID,CALCULATEDFEE) VALUES (1008, 15);
INSERT INTO LUGGAGEWITHFEE_T(LUGGAGEID,CALCULATEDFEE) VALUES (1009, 25); 
 
CREATE TABLE LUGGAGE_HANDLER_T(
    EMPLOYEEID VARCHAR(10) NOT NULL,
    BAGSPROCESSEDHOUR NUMBER,
    CONSTRAINT LUGGAGE_HANDLER_T_FK FOREIGN KEY (EMPLOYEEID) REFERENCES EMPLOYEE_T(EMPLOYEEID)
);
 
INSERT INTO LUGGAGE_HANDLER_T (EMPLOYEEID,BAGSPROCESSEDHOUR) VALUES ('PERKINSNF','121');
INSERT INTO LUGGAGE_HANDLER_T (EMPLOYEEID,BAGSPROCESSEDHOUR) VALUES ('MCDONALDBB','39');
 
CREATE TABLE TRIPADDON_T(
    TRIPADDONID CHAR(3) NOT NULL,
    ADDONNAME VARCHAR(30),
    TAO_DESCRIPTION VARCHAR(500),
    CONSTRAINT TRIPADDON_T PRIMARY KEY (TRIPADDONID)
);
 
INSERT INTO TRIPADDON_T (TRIPADDONID,ADDONNAME,TAO_DESCRIPTION) 
VALUES ('ELR','Extra Legroom Seat', 'Customer has paid for an extra legroom seat in the Economy class.');
INSERT INTO TRIPADDON_T (TRIPADDONID,ADDONNAME,TAO_DESCRIPTION) 
VALUES ('HTL', 'Hotel','Customer has paid for a hotel near the arrival destination');
INSERT INTO TRIPADDON_T (TRIPADDONID,ADDONNAME,TAO_DESCRIPTION) 
VALUES ('CAR','Car Rental', 'Customer has paid for a car rental near the arrival destination');
 
 
CREATE TABLE SERVICESADDED_T(
    PNR VARCHAR(10) NOT NULL,
    TRIPADDONID CHAR(3),
    CONSTRAINT SERVICESADDED_T PRIMARY KEY (PNR,TRIPADDONID),
    CONSTRAINT SERVICESADDED_T_FK1 FOREIGN KEY (PNR) REFERENCES PASSENGER_ITINARARY_T (PNR),
    CONSTRAINT SERVICESADDED_T_FK2 FOREIGN KEY (TRIPADDONID) REFERENCES TRIPADDON_T (TRIPADDONID)
);
 
INSERT INTO SERVICESADDED_T (PNR,TRIPADDONID) VALUES ('H23H2F','ELR');
INSERT INTO SERVICESADDED_T (PNR,TRIPADDONID) VALUES ('D73L9G','HTL');
INSERT INTO SERVICESADDED_T (PNR,TRIPADDONID) VALUES ('D73L9G','CAR');
 
 
